[App\Services\AddressService]<-->[Rinvex\Country\Country]
[App\Services\AmazonApi\ProductAdvertising\ResponseItemExtractor]<-->[App\Services\OrdinalCardinalConverter]
[App\Services\AmazonMwsService]<-->[AmazonOrderList]
[App\Services\AmazonMwsService]<-->[AmazonFeed]
[App\Services\AmazonMwsService]<-->[AmazonSubscription]
[App\Services\AmazonMwsService]<-->[Aws\Sqs\SqsClient]
[App\Services\AmazonMwsService]<-->[App\Services\AnyOfferChanged\AocParserService]
[App\Services\AnyOfferChanged\AocParserService]<-->[App\Services\OfferValidatorService]
[App\Services\AnyOfferChanged\AocParserService]<-->[App\Services\KeyManager]
[App\Services\AnyOfferChanged\AocParserService]<-->[App\Services\MarketplaceService]
[App\Services\BookData\Thrift\MetaDataUrlGenerator]<-->[App\Services\IUrlGenerator]
[App\Services\BookData\Thrift\PriceFetchParser]<-->[App\Services\BookData\Contracts\PriceFetchParser ]
[App\Services\BookData\Thrift\PriceFetchParser]<-->[App\Services\OfferValidatorService]
[App\Services\BookData\Thrift\ASINUrlGenerator]<-->[App\Services\IUrlGenerator]
[App\Services\BookData\Alibris\PriceFetchParser]<-->[App\Services\BookData\Contracts\PriceFetchParser ]
[App\Services\BookData\Alibris\PriceFetchParser]<-->[App\Services\OfferValidatorService]
[App\Services\BookData\Alibris\PriceFetchParser]<-->[App\Services\MarketplaceService]
[App\Services\BookData\Alibris\PriceFetchParser]<-->[App\Services\ConfigProviderService]
[App\Services\BookData\Alibris\ASINUrlGenerator]<-->[App\Services\IUrlGenerator]
[App\Services\BookData\Alibris\ResponseItemExtractor]<-->[App\Services\AddressService]
[App\Services\BookData\Alibris\ResponseItemExtractor]<-->[App\Services\Sanitizer]
[App\Services\BookData\AbeBooks\PriceFetchParser]<-->[App\Services\BookData\Contracts\PriceFetchParser ]
[App\Services\BookData\AbeBooks\PriceFetchParser]<-->[App\Services\OfferValidatorService]
[App\Services\BookData\AbeBooks\ASINUrlGenerator]<-->[App\Services\IUrlGenerator]
[App\Services\BookData\AbeBooks\ResponseItemExtractor]<-->[App\Services\AddressService]
[App\Services\BookData\AbeBooks\ResponseItemExtractor]<-->[App\Services\Sanitizer]
[App\Services\BookData\Amazon\PriceFetchParser]<-->[App\Services\BookData\Contracts\PriceFetchParser ]
[App\Services\BookData\Amazon\PriceFetchParser]<-->[App\Services\OfferValidatorService]
[App\Services\BookData\Amazon\ASINUrlGenerator]<-->[App\Services\IUrlGenerator]
[App\Services\BookData\Amazon\ResponseItemExtractor]<-->[App\Services\AddressService]
[App\Services\BookData\Amazon\ResponseItemExtractor]<-->[App\Services\Sanitizer]
[App\Services\BookData\Ebay\PriceFetchParser]<-->[App\Services\BookData\Contracts\PriceFetchParser ]
[App\Services\BookData\Ebay\PriceFetchParser]<-->[App\Services\OfferValidatorService]
[App\Services\BookData\Ebay\PriceFetchParser]<-->[App\Services\MarketplaceService]
[App\Services\BookData\Ebay\PriceFetchParser]<-->[App\Services\ConfigProviderService]
[App\Services\BookData\Ebay\ASINUrlGenerator]<-->[App\Services\IUrlGenerator]
[App\Services\Dusk\AbeUpdateProvider]<-->[App\Services\ConfigProviderService]
[App\Services\Dusk\AbeUpdateProvider]<-->[Facebook\WebDriver\Chrome\ChromeOptions]
[App\Services\Dusk\AbeUpdateProvider]<-->[Facebook\WebDriver\Remote\RemoteWebDriver]
[App\Services\Dusk\AbeUpdateProvider]<-->[Facebook\WebDriver\Remote\DesiredCapabilities]
[App\Services\Dusk\AbeUpdateProvider]<-->[Laravel\Dusk\Chrome\SupportsChrome]
[App\Services\Dusk\AbeUpdateProvider]<-->[Laravel\Dusk\Browser]
[App\Services\Dusk\AbeUpdateProvider]<-->[Closure]
[App\Services\EvaluationService]<-->[App\Events\SendSlackMessage]
[App\Services\EvaluationService]<-->[App\Jobs\ParseAbePrice]
[App\Services\EvaluationService]<-->[App\Jobs\ParseAmazonPricePage]
[App\Services\EvaluationService]<-->[App\Jobs\ParseThriftPricePage]
[App\Services\EvaluationService]<-->[App\Jobs\ParseAlibrisPricePage]
[App\Services\EvaluationService]<-->[App\Jobs\ParseEbayPricePage]
[App\Services\EvaluationService]<-->[App\Jobs\ParseThriftMetaData]
[App\Services\EvaluationService]<-->[App\Jobs\SpotScrape]
[App\Services\EvaluationService]<-->[App\Services\PriceFetcher\SpotScraper]
[App\Services\EvaluationService]<-->[App\Services\BookData\Ebay\ASINUrlGenerator ]
[App\Services\EvaluationService]<-->[App\Services\BookData\Alibris\ASINUrlGenerator ]
[App\Services\EvaluationService]<-->[App\Services\BookData\AbeBooks\ASINUrlGenerator ]
[App\Services\EvaluationService]<-->[App\Services\BookData\Thrift\ASINUrlGenerator ]
[App\Services\EvaluationService]<-->[App\Services\BookData\Thrift\MetaDataUrlGenerator ]
[App\Services\EvaluationService]<-->[React\EventLoop\LoopInterface]
[App\Services\EvaluationService]<-->[React\EventLoop\Factory ]
[App\Services\KeyManager]<-->[App\Services\Looper\CacheLooper]
[App\Services\Looper\UrlLooper]<-->[App\Services\IUrlGenerator]
[App\Services\Looper\AbeASINUrlLooper]<-->[App\Services\IUrlGenerator]
[App\Services\Looper\CacheLooper]<-->[App\Services\KeyManager]
[App\Services\Looper\CacheLooper]<-->[App\Services\MetricsService]
[App\Services\Looper\ASINUrlLooper]<-->[App\Services\BookData\Amazon\ASINUrlGenerator]
[App\Services\Looper\ASINUrlLooper]<-->[App\Services\Looper\B]
[App\Services\Looper\ASINUrlLooper]<-->[App\Services\IUrlGenerator]
[App\Services\Looper\]<-->[App\Events\LooperLapsCompleted]
[App\Services\Looper\AsinQueuingService]<-->[App\Jobs\Job]
[App\Services\Looper\AsinQueuingService]<-->[App\Services\Looper\CacheLooper]
[App\Services\MetricsService]<-->[App\Marketplace\Amazon\FeedResultProcessor]
[App\Services\MetricsService]<-->[App\Services\Looper\B]
[App\Services\MetricsService]<-->[App\Services\Looper\CacheLooper]
[App\Services\MetricsService]<-->[App\Traits\Configurable]
[App\Services\MetricsService]<-->[Symfony\Component\Process\Process]
[App\Services\OrderRelatedFileService]<-->[App\Services\UploadFeeds\FeedGeneratorService]
[App\Services\OrderRelatedFileService]<-->[App\Services\UploadFeeds\Feeds\AmazonCancellation]
[App\Services\OrderRelatedFileService]<-->[App\Services\UploadFeeds\Feeds\AmazonRefunds]
[App\Services\OrderRelatedFileService]<-->[App\Services\UploadFeeds\Feeds\AmazonShipment]
[App\Services\PriceFetcher\]<-->[App\Services\Looper\B]
[App\Services\PriceFetcher\]<-->[App\Services\Looper\ProxyLooper]
[App\Services\PriceFetcher\]<-->[React\EventLoop\LoopInterface]
[App\Services\PriceFetcher\Amazon]<-->[App\Jobs\ParseAmazonPricePage]
[App\Services\PriceFetcher\Amazon]<-->[App\Services\ArbitrageRepricingService]
[App\Services\PriceFetcher\Amazon]<-->[App\Services\BookData\Amazon\ASINUrlGenerator]
[App\Services\PriceFetcher\Amazon]<-->[App\Services\Looper\ASINUrlLooper]
[App\Services\PriceFetcher\Amazon]<-->[App\Services\Looper\B]
[App\Services\PriceFetcher\Amazon]<-->[App\Services\Looper\CacheLooper]
[App\Services\PriceFetcher\Amazon]<-->[App\Services\Looper\LooperFactory]
[App\Services\PriceFetcher\Amazon]<-->[App\Services\Looper\ProxyLooper]
[App\Services\PriceFetcher\Amazon]<-->[App\Services\MarketplaceService]
[App\Services\PriceFetcher\Amazon]<-->[GuzzleHttp\Psr7\Response]
[App\Services\PriceFetcher\Amazon]<-->[GuzzleHttp\Psr7\Request]
[App\Services\PriceFetcher\Amazon]<-->[App\Traits\Configurable]
[App\Services\PriceFetcher\Amazon]<-->[App\Services\MetricsService]
[App\Services\PriceFetcher\AbeBooks]<-->[App\Jobs\ParseAbePrice]
[App\Services\PriceFetcher\AbeBooks]<-->[App\Services\ArbitrageRepricingService]
[App\Services\PriceFetcher\AbeBooks]<-->[App\Services\BookData\AbeBooks\ASINUrlGenerator]
[App\Services\PriceFetcher\AbeBooks]<-->[App\Services\Looper\AbeASINUrlLooper]
[App\Services\PriceFetcher\AbeBooks]<-->[App\Services\Looper\B]
[App\Services\PriceFetcher\AbeBooks]<-->[App\Services\Looper\CacheLooper]
[App\Services\PriceFetcher\AbeBooks]<-->[App\Services\Looper\LooperFactory]
[App\Services\PriceFetcher\AbeBooks]<-->[App\Services\Looper\ProxyLooper]
[App\Services\PriceFetcher\AbeBooks]<-->[App\Services\MarketplaceService]
[App\Services\PriceFetcher\AbeBooks]<-->[App\Services\MetricsService]
[App\Services\PriceFetcher\AbeBooks]<-->[App\Traits\Configurable]
[App\Services\PriceFetcher\AbeBooks]<-->[Aws\Sqs\SqsClient]
[App\Services\PriceFetcher\AbeBooks]<-->[BenTools\GuzzleHttp\Middleware\Storage\Adapter\ArrayAdapter]
[App\Services\PriceFetcher\AbeBooks]<-->[BenTools\GuzzleHttp\Middleware\ThrottleConfiguration]
[App\Services\PriceFetcher\AbeBooks]<-->[BenTools\GuzzleHttp\Middleware\ThrottleMiddleware]
[App\Services\PriceFetcher\AbeBooks]<-->[GuzzleHttp\Psr7\Response]
[App\Services\PriceFetcher\AbeBooks]<-->[GuzzleHttp\Psr7\Request]
[App\Services\PriceFetcher\RequestMatcher]<-->[BenTools\Psr7\RequestMatcherInterface]
[App\Services\PriceFetcher\RequestMatcher]<-->[Psr\Http\Message\RequestInterface]
[App\Services\PriceFetcher\Scraper]<-->[App\Services\Looper\B]
[App\Services\PriceFetcher\Scraper]<-->[App\Services\Looper\UrlLooper]
[App\Services\PriceFetcher\Scraper]<-->[BenTools\GuzzleHttp\Middleware\ThrottleMiddleware]
[App\Services\PriceFetcher\Scraper]<-->[GuzzleHttp\Client]
[App\Services\PriceFetcher\Scraper]<-->[GuzzleHttp\Psr7\Request]
[App\Services\PriceFetcher\Scraper]<-->[React\HttpClient\Client ]
[App\Services\PriceFetcher\Scraper]<-->[GuzzleHttp\Psr7\Response]
[App\Services\PriceFetcher\Scraper]<-->[React\EventLoop\LoopInterface ]
[App\Services\PriceFetcher\ProxySessionBroker]<-->[App\Services\IUrlGenerator]
[App\Services\PriceFetcher\ProxySessionBroker]<-->[App\Services\Looper\ArrayLooper]
[App\Services\PriceFetcher\ProxySessionBroker]<-->[App\Services\Looper\ProxyLooper]
[App\Services\PriceFetcher\ProxySessionBroker]<-->[App\Services\Looper\UrlLooper]
[App\Services\PriceFetcher\ProxySessionBroker]<-->[GuzzleHttp\Psr7\Request]
[App\Services\PriceFetcher\ProxySessionBroker]<-->[GuzzleHttp\Psr7\Response]
[App\Services\PriceFetcher\ProxySessionBroker]<-->[App\Services\BookData\Amazon\ASINUrlGenerator]
[App\Services\PriceFetcher\SpotScraper]<-->[App\Events\MarketplaceSpotErrors]
[App\Services\PriceFetcher\SpotScraper]<-->[App\Jobs\ParseOfferPage]
[App\Services\PriceFetcher\SpotScraper]<-->[Clue\React\HttpProxy\ProxyConnector]
[App\Services\PriceFetcher\SpotScraper]<-->[React\EventLoop\LoopInterface]
[App\Services\PriceFetcher\SpotScraper]<-->[React\HttpClient\Client]
[App\Services\PriceFetcher\SpotScraper]<-->[React\HttpClient\Response]
[App\Services\PriceFetcher\SpotScraper]<-->[React\Socket\Connector]
[App\Services\RefundService]<-->[App\Events\PartialRefundOnCancelViaRefund]
[App\Services\SellOfferService]<-->[App\Marketplace\Amazon\ListingApiService]
[App\Services\SellerService]<-->[App\Events\BadsellerAddedOrRemoved]
[App\Services\SellerService]<-->[App\Events\SellerIgnoreDescriptionAddedOrRemoved]
[App\Services\SellerService]<-->[App\Events\SellerShipOverrideAddedOrRemoved]
[App\Services\ShipmentService]<-->[App\Events\ShippingInfoReceived]
[App\Services\ThrottleAmazon]<-->[\Redis]
[App\Services\UploadFeeds\FeedGeneratorService]<-->[App\Services\UploadFeeds\Feeds\B]
[App\Services\UploadFeeds\FeedGeneratorService]<-->[League\Csv\ColumnConsistency]
[App\Services\UploadFeeds\FeedGeneratorService]<-->[League\Csv\Writer]
[App\Services\UploadFeeds\Feeds\]<-->[App\Services\UploadFeeds\XmlConverters\FeedXmlConverter]
[App\Services\UploadFeeds\Feeds\]<-->[League\Csv\Writer]
[App\Services\UploadFeeds\Feeds\AmazonPriceAndAvailabilityChange]<-->[App\Services\ConfigProviderService]
[App\Services\UploadFeeds\Feeds\AmazonPriceAndAvailabilityChange]<-->[App\Services\MarketplaceService]
[App\Services\UploadFeeds\Feeds\AmazonPriceAndAvailabilityChange]<-->[App\Services\UploadFeeds\Formatters\PriceFormatter]
[App\Services\UploadFeeds\Feeds\AmazonPriceAndAvailabilityChange]<-->[App\Services\UploadFeeds\Formatters\StringFormatter]
[App\Services\UploadFeeds\Feeds\AmazonPriceAndAvailabilityChange]<-->[App\Services\UploadFeeds\Validators\EmptyStringValidator]
[App\Services\UploadFeeds\Feeds\AmazonPriceAndAvailabilityChange]<-->[App\Services\UploadFeeds\Validators\PriceValidator]
[App\Services\UploadFeeds\Feeds\AmazonPriceAndAvailabilityChange]<-->[App\Services\UploadFeeds\Validators\QuantityValidator]
[App\Services\UploadFeeds\Feeds\AmazonPriceAndAvailabilityChange]<-->[App\Services\UploadFeeds\Validators\SkuValidator]
[App\Services\UploadFeeds\Feeds\AmazonPriceAndAvailabilityChange]<-->[League\Csv\Writer]
[App\Services\UploadFeeds\Feeds\AmazonShipment]<-->[App\Services\ConfigProviderService]
[App\Services\UploadFeeds\Feeds\AmazonShipment]<-->[App\Services\MarketplaceService]
[App\Services\UploadFeeds\Feeds\AmazonShipment]<-->[App\Services\UploadFeeds\Formatters\StringFormatter]
[App\Services\UploadFeeds\Feeds\AmazonShipment]<-->[League\Csv\Writer]
[App\Services\UploadFeeds\Feeds\AmazonCancellation]<-->[App\Services\ConfigProviderService]
[App\Services\UploadFeeds\Feeds\AmazonCancellation]<-->[App\Services\MarketplaceService]
[App\Services\UploadFeeds\Feeds\AmazonCancellation]<-->[App\Services\UploadFeeds\Formatters\StringFormatter]
[App\Services\UploadFeeds\Feeds\AmazonCancellation]<-->[League\Csv\Writer]
[App\Services\UploadFeeds\Feeds\AmazonRefunds]<-->[App\Services\UploadFeeds\Formatters\PriceFormatter]
[App\Services\UploadFeeds\Feeds\AmazonRefunds]<-->[App\Services\UploadFeeds\Formatters\StringFormatter]
[App\Services\UploadFeeds\Feeds\AmazonRefunds]<-->[League\Csv\Writer]
[App\Services\UploadFeeds\Feeds\AbeBooksInventory]<-->[App\Services\ConfigProviderService]
[App\Services\UploadFeeds\Feeds\AbeBooksInventory]<-->[App\Services\MarketplaceService]
[App\Services\UploadFeeds\Feeds\AbeBooksInventory]<-->[App\Services\UploadFeeds\Formatters\PriceFormatter]
[App\Services\UploadFeeds\Feeds\AbeBooksInventory]<-->[App\Services\UploadFeeds\Formatters\StringFormatter]
[App\Services\UploadFeeds\Feeds\AbeBooksInventory]<-->[App\Services\UploadFeeds\Validators\AsinValidator]
[App\Services\UploadFeeds\Feeds\AbeBooksInventory]<-->[App\Services\UploadFeeds\Validators\PriceValidator]
[App\Services\UploadFeeds\Feeds\AbeBooksInventory]<-->[App\Services\UploadFeeds\Validators\QuantityValidator]
[App\Services\UploadFeeds\Feeds\AbeBooksInventory]<-->[App\Services\UploadFeeds\Validators\SkuValidator]
[App\Services\UploadFeeds\Feeds\AbeBooksInventory]<-->[App\Services\UploadFeeds\Validators\SubConditionValidator]
[App\Services\UploadFeeds\Feeds\AbeBooksInventory]<-->[League\Csv\Writer]
[App\Services\UploadFeeds\Feeds\AmazonPriceChange]<-->[App\Services\MarketplaceService]
[App\Services\UploadFeeds\Feeds\AmazonPriceChange]<-->[App\Services\UploadFeeds\Formatters\PriceFormatter]
[App\Services\UploadFeeds\Feeds\AmazonPriceChange]<-->[App\Services\UploadFeeds\Formatters\StringFormatter]
[App\Services\UploadFeeds\Feeds\AmazonPriceChange]<-->[App\Services\UploadFeeds\Validators\PriceValidator]
[App\Services\UploadFeeds\Feeds\AmazonPriceChange]<-->[App\Services\UploadFeeds\Validators\SkuValidator]
[App\Services\UploadFeeds\Feeds\AmazonPriceChange]<-->[App\Services\UploadFeeds\XmlConverters\AmazonPriceChangeXmlConverter]
[App\Services\UploadFeeds\Feeds\AmazonPriceChange]<-->[League\Csv\Writer]
[App\Services\UploadFeeds\Feeds\AmazonAvailabilityChange]<-->[App\Services\UploadFeeds\Formatters\StringFormatter]
[App\Services\UploadFeeds\Feeds\AmazonAvailabilityChange]<-->[App\Services\UploadFeeds\Validators\QuantityValidator]
[App\Services\UploadFeeds\Feeds\AmazonAvailabilityChange]<-->[App\Services\UploadFeeds\Validators\SkuValidator]
[App\Services\UploadFeeds\Feeds\AmazonAvailabilityChange]<-->[App\Services\UploadFeeds\XmlConverters\AmazonAvailabilityChangeXmlConverter]
[App\Services\UploadFeeds\Feeds\AmazonAvailabilityChange]<-->[League\Csv\Writer]
[App\Services\UploadFeeds\Feeds\AmazonFlatFileInvLoader]<-->[App\Services\ConfigProviderService]
[App\Services\UploadFeeds\Feeds\AmazonFlatFileInvLoader]<-->[App\Services\MarketplaceService]
[App\Services\UploadFeeds\Feeds\AmazonFlatFileInvLoader]<-->[App\Services\UploadFeeds\Formatters\PriceFormatter]
[App\Services\UploadFeeds\Feeds\AmazonFlatFileInvLoader]<-->[App\Services\UploadFeeds\Formatters\StringFormatter]
[App\Services\UploadFeeds\Feeds\AmazonFlatFileInvLoader]<-->[App\Services\UploadFeeds\Validators\AsinValidator]
[App\Services\UploadFeeds\Feeds\AmazonFlatFileInvLoader]<-->[App\Services\UploadFeeds\Validators\EmptyStringValidator]
[App\Services\UploadFeeds\Feeds\AmazonFlatFileInvLoader]<-->[App\Services\UploadFeeds\Validators\PriceValidator]
[App\Services\UploadFeeds\Feeds\AmazonFlatFileInvLoader]<-->[App\Services\UploadFeeds\Validators\SkuValidator]
[App\Services\UploadFeeds\Feeds\AmazonFlatFileInvLoader]<-->[App\Services\UploadFeeds\Validators\SubConditionValidator]
[App\Services\UploadFeeds\Feeds\AmazonFlatFileInvLoader]<-->[League\Csv\Writer]
[App\Services\UploadFeeds\XmlConverters\]<-->[League\Csv\Reader ]
[App\Services\UploadFeeds\XmlConverters\AmazonPriceChangeXmlConverter]<-->[League\Csv\CannotInsertRecord]
[App\Services\UploadFeeds\XmlConverters\AmazonAvailabilityChangeXmlConverter]<-->[League\Csv\CannotInsertRecord]
